[debug] [2019-03-26T10:20:46.315Z] ----------------------------------------------------------------------
[debug] [2019-03-26T10:20:46.319Z] Command:       C:\Program Files\nodejs\node.exe C:\Users\Cameron Owen\AppData\Roaming\npm\node_modules\firebase-tools\lib\bin\firebase.js functions:shell
[debug] [2019-03-26T10:20:46.319Z] CLI Version:   6.5.0
[debug] [2019-03-26T10:20:46.319Z] Platform:      win32
[debug] [2019-03-26T10:20:46.319Z] Node Version:  v8.9.3
[debug] [2019-03-26T10:20:46.323Z] Time:          Tue Mar 26 2019 21:20:46 GMT+1100 (AUS Eastern Summer Time)
[debug] [2019-03-26T10:20:46.323Z] ----------------------------------------------------------------------
[debug] 
[debug] [2019-03-26T10:20:46.359Z] > command requires scopes: ["email","openid","https://www.googleapis.com/auth/cloudplatformprojects.readonly","https://www.googleapis.com/auth/firebase","https://www.googleapis.com/auth/cloud-platform"]
[debug] [2019-03-26T10:20:46.361Z] > authorizing via signed-in user
[debug] [2019-03-26T10:20:46.362Z] [iam] checking project cyferlinx-cf-testing for permissions ["firebase.projects.get"]
[debug] [2019-03-26T10:20:46.365Z] > refreshing access token with scopes: ["email","https://www.googleapis.com/auth/cloud-platform","https://www.googleapis.com/auth/cloudplatformprojects.readonly","https://www.googleapis.com/auth/firebase","openid"]
[debug] [2019-03-26T10:20:46.366Z] >>> HTTP REQUEST POST https://www.googleapis.com/oauth2/v3/token  
 <request body omitted>
[debug] [2019-03-26T10:20:46.770Z] <<< HTTP RESPONSE 200
[debug] [2019-03-26T10:20:46.823Z] >>> HTTP REQUEST POST https://cloudresourcemanager.googleapis.com/v1/projects/cyferlinx-cf-testing:testIamPermissions  

[debug] [2019-03-26T10:20:48.492Z] <<< HTTP RESPONSE 200
[info] i  functions: Preparing to emulate functions.
[debug] [2019-03-26T10:20:50.587Z] Fetching environment
[debug] [2019-03-26T10:20:50.590Z] >>> HTTP REQUEST GET https://cloudresourcemanager.googleapis.com/v1/projects/cyferlinx-cf-testing  
 
[debug] [2019-03-26T10:20:51.950Z] <<< HTTP RESPONSE 200
[debug] [2019-03-26T10:20:51.952Z] >>> HTTP REQUEST GET https://mobilesdk-pa.googleapis.com/v1/projects/395727406714:getServerAppConfig  
 
[debug] [2019-03-26T10:20:52.766Z] <<< HTTP RESPONSE 200
[debug] [2019-03-26T10:20:52.768Z] Starting @google-cloud/functions-emulator
[debug] [2019-03-26T10:20:59.428Z] Parsing function triggers
[info] +  functions: api
